CallKit/build/intermediates/manifest_merge_blame_file/release/manifest-merger-blame-release-report.txt
1<?xml version="1.0" encoding="utf-8"?>
2<manifest xmlns:android="http://schemas.android.com/apk/res/android"
3    package="io.rong.callkit"
4    android:versionCode="2019112516"
5    android:versionName="2.10.1 release" >
6
7    <uses-sdk
8        android:minSdkVersion="16"
8-->src\main\AndroidManifest.xml
9        android:targetSdkVersion="23" />
9-->src\main\AndroidManifest.xml
10
11    <uses-permission android:name="android.permission.ACCESS_NETWORK_STATE" />
11-->src\main\AndroidManifest.xml:6:5-79
11-->src\main\AndroidManifest.xml:6:22-76
12    <uses-permission android:name="android.permission.MODIFY_AUDIO_SETTINGS" />
12-->src\main\AndroidManifest.xml:7:5-80
12-->src\main\AndroidManifest.xml:7:22-77
13    <uses-permission android:name="android.permission.BLUETOOTH_ADMIN" />
13-->src\main\AndroidManifest.xml:8:5-74
13-->src\main\AndroidManifest.xml:8:22-71
14    <uses-permission android:name="android.permission.BLUETOOTH" />
14-->src\main\AndroidManifest.xml:9:5-68
14-->src\main\AndroidManifest.xml:9:22-65
15    <uses-permission android:name="android.permission.INTERACT_ACROSS_USERS_FULL" />
15-->src\main\AndroidManifest.xml:10:5-85
15-->src\main\AndroidManifest.xml:10:22-82
16    <uses-permission android:name="android.permission.SYSTEM_ALERT_WINDOW" />
16-->src\main\AndroidManifest.xml:11:5-78
16-->src\main\AndroidManifest.xml:11:22-75
17    <uses-permission android:name="android.permission.WRITE_EXTERNAL_STORAGE" />
17-->src\main\AndroidManifest.xml:12:5-81
17-->src\main\AndroidManifest.xml:12:22-78
18    <uses-permission android:name="android.permission.READ_EXTERNAL_STORAGE" />
18-->src\main\AndroidManifest.xml:13:5-80
18-->src\main\AndroidManifest.xml:13:22-77
19
20    <application>
20-->src\main\AndroidManifest.xml:16:5-67:19
21
22        <!-- new voip config start -->
23        <activity
23-->src\main\AndroidManifest.xml:19:9-29:20
24            android:name="io.rong.callkit.MultiVideoCallActivity"
24-->src\main\AndroidManifest.xml:20:13-51
25            android:exported="true"
25-->src\main\AndroidManifest.xml:21:13-36
26            android:launchMode="singleTop"
26-->src\main\AndroidManifest.xml:22:13-43
27            android:screenOrientation="portrait"
27-->src\main\AndroidManifest.xml:23:13-49
28            android:windowSoftInputMode="stateHidden|adjustResize" >
28-->src\main\AndroidManifest.xml:24:13-67
29            <intent-filter>
29-->src\main\AndroidManifest.xml:25:13-28:29
30                <action android:name="io.rong.intent.action.voip.MULTIVIDEO" />
30-->src\main\AndroidManifest.xml:26:17-80
30-->src\main\AndroidManifest.xml:26:25-77
31
32                <category android:name="android.intent.category.DEFAULT" />
32-->src\main\AndroidManifest.xml:27:17-76
32-->src\main\AndroidManifest.xml:27:27-73
33            </intent-filter>
34        </activity>
35        <activity
35-->src\main\AndroidManifest.xml:30:9-49:20
36            android:name="io.rong.callkit.SingleCallActivity"
36-->src\main\AndroidManifest.xml:31:13-47
37            android:exported="true"
37-->src\main\AndroidManifest.xml:32:13-36
38            android:launchMode="singleTop"
38-->src\main\AndroidManifest.xml:33:13-43
39            android:screenOrientation="portrait"
39-->src\main\AndroidManifest.xml:34:13-49
40            android:theme="@android:style/Theme.Holo.NoActionBar"
40-->src\main\AndroidManifest.xml:35:13-66
41            android:windowSoftInputMode="stateHidden|adjustResize" >
41-->src\main\AndroidManifest.xml:38:13-67
42            <intent-filter>
42-->src\main\AndroidManifest.xml:39:13-43:29
43                <action android:name="io.rong.intent.action.voip.SINGLEVIDEO" />
43-->src\main\AndroidManifest.xml:40:17-81
43-->src\main\AndroidManifest.xml:40:25-78
44
45                <category android:name="android.intent.category.DEFAULT" />
45-->src\main\AndroidManifest.xml:27:17-76
45-->src\main\AndroidManifest.xml:27:27-73
46            </intent-filter>
47            <intent-filter>
47-->src\main\AndroidManifest.xml:44:13-48:29
48                <action android:name="io.rong.intent.action.voip.SINGLEAUDIO" />
48-->src\main\AndroidManifest.xml:45:17-81
48-->src\main\AndroidManifest.xml:45:25-78
49
50                <category android:name="android.intent.category.DEFAULT" />
50-->src\main\AndroidManifest.xml:27:17-76
50-->src\main\AndroidManifest.xml:27:27-73
51            </intent-filter>
52        </activity>
53        <activity
53-->src\main\AndroidManifest.xml:50:9-62:20
54            android:name="io.rong.callkit.MultiAudioCallActivity"
54-->src\main\AndroidManifest.xml:51:13-51
55            android:exported="true"
55-->src\main\AndroidManifest.xml:52:13-36
56            android:launchMode="singleTop"
56-->src\main\AndroidManifest.xml:53:13-43
57            android:screenOrientation="portrait"
57-->src\main\AndroidManifest.xml:54:13-49
58            android:windowSoftInputMode="stateHidden|adjustResize" >
58-->src\main\AndroidManifest.xml:56:13-67
59            <intent-filter>
59-->src\main\AndroidManifest.xml:57:13-61:29
60                <action android:name="io.rong.intent.action.voip.MULTIAUDIO" />
60-->src\main\AndroidManifest.xml:58:17-80
60-->src\main\AndroidManifest.xml:58:25-77
61
62                <category android:name="android.intent.category.DEFAULT" />
62-->src\main\AndroidManifest.xml:27:17-76
62-->src\main\AndroidManifest.xml:27:27-73
63            </intent-filter>
64        </activity>
65
66        <!-- new voip config end -->
67
68        <activity android:name="io.rong.callkit.CallSelectMemberActivity" />
68-->src\main\AndroidManifest.xml:66:9-71
68-->src\main\AndroidManifest.xml:66:19-59
69    </application>
70
71</manifest>